[ 2016-02-20T18:29:23+08:00 ] ERR: (ThinkException) 非法操作:css
[ 2016-02-20T18:29:23+08:00 ] ERR: (ThinkException) 非法操作:css
[ 2016-02-20T18:29:23+08:00 ] ERR: (ThinkException) 非法操作:css
[ 2016-02-20T18:29:23+08:00 ] ERR: (ThinkException) 非法操作:css
[ 2016-02-20T18:29:23+08:00 ] ERR: (ThinkException) 非法操作:css
[ 2016-02-20T18:29:23+08:00 ] ERR: (ThinkException) 非法操作:css
[ 2016-02-20T18:29:23+08:00 ] ERR: (ThinkException) 非法操作:js
[ 2016-02-20T18:29:23+08:00 ] ERR: (ThinkException) 非法操作:js
[ 2016-02-20T18:29:23+08:00 ] ERR: (ThinkException) 非法操作:js
[ 2016-02-20T18:29:23+08:00 ] ERR: (ThinkException) 非法操作:js
[ 2016-02-20T18:29:23+08:00 ] ERR: (ThinkException) 非法操作:js
[ 2016-02-20T18:29:23+08:00 ] ERR: (ThinkException) 非法操作:js
[ 2016-02-20T18:29:23+08:00 ] ERR: (ThinkException) 非法操作:img
[ 2016-02-20T18:29:23+08:00 ] ERR: (ThinkException) 非法操作:js
[ 2016-02-20T18:29:23+08:00 ] ERR: (ThinkException) 非法操作:img
[ 2016-02-20T18:29:23+08:00 ] ERR: (ThinkException) 非法操作:img
[ 2016-02-20T18:29:23+08:00 ] ERR: (ThinkException) 非法操作:img
[ 2016-02-20T18:29:23+08:00 ] ERR: (ThinkException) 非法操作:img
[ 2016-02-20T18:29:23+08:00 ] ERR: (ThinkException) 非法操作:js
[ 2016-02-20T18:29:29+08:00 ] ERR: (ThinkException) 非法操作:favicon.ico
[ 2016-02-20T18:30:55+08:00 ] ERR: (ThinkException) 非法操作:css
[ 2016-02-20T18:30:55+08:00 ] ERR: (ThinkException) 非法操作:css
[ 2016-02-20T18:30:55+08:00 ] ERR: (ThinkException) 非法操作:css
[ 2016-02-20T18:30:55+08:00 ] ERR: (ThinkException) 非法操作:css
[ 2016-02-20T18:30:55+08:00 ] ERR: (ThinkException) 非法操作:css
[ 2016-02-20T18:30:55+08:00 ] ERR: (ThinkException) 非法操作:css
[ 2016-02-20T18:30:55+08:00 ] ERR: (ThinkException) 非法操作:js
[ 2016-02-20T18:30:55+08:00 ] ERR: (ThinkException) 非法操作:js
[ 2016-02-20T18:30:55+08:00 ] ERR: (ThinkException) 非法操作:js
[ 2016-02-20T18:30:55+08:00 ] ERR: (ThinkException) 非法操作:js
[ 2016-02-20T18:30:55+08:00 ] ERR: (ThinkException) 非法操作:js
[ 2016-02-20T18:30:55+08:00 ] ERR: (ThinkException) 非法操作:js
[ 2016-02-20T18:30:55+08:00 ] ERR: (ThinkException) 非法操作:img
[ 2016-02-20T18:30:55+08:00 ] ERR: (ThinkException) 非法操作:js
[ 2016-02-20T18:30:55+08:00 ] ERR: (ThinkException) 非法操作:img
[ 2016-02-20T18:30:55+08:00 ] ERR: (ThinkException) 非法操作:img
[ 2016-02-20T18:30:55+08:00 ] ERR: (ThinkException) 非法操作:img
[ 2016-02-20T18:30:55+08:00 ] ERR: (ThinkException) 非法操作:img
[ 2016-02-20T18:30:55+08:00 ] ERR: (ThinkException) 非法操作:js
[ 2016-02-20T18:30:55+08:00 ] ERR: (ThinkException) 非法操作:img
[ 2016-02-20T18:31:12+08:00 ] ERR: (ThinkException) 非法操作:favicon.ico
[ 2016-02-20T19:18:31+08:00 ] ERR: (ThinkException) Access denied for user 'root'@'localhost' (using password: YES)
[ 2016-02-20T19:22:02+08:00 ] ERR: (ThinkException) Access denied for user 'root'@'localhost' (using password: YES)
[ 2016-02-20T19:23:19+08:00 ] ERR: (ThinkException) Access denied for user 'root'@'localhost' (using password: YES)
